<?xml version="1.0" encoding="UTF-8"?>
<!-- Generated by org.testng.reporters.JUnitReportReporter -->
<testsuite hostname="DELL" failures="0" tests="3" name="Ecommerce.com.RegisterPageTest" time="17.349" errors="0" timestamp="2023-08-02T17:47:55 IST" skipped="0">
  <testcase classname="Ecommerce.com.RegisterPageTest" name="isregisterbuttondisplayed" time="0.435"/>
  <testcase classname="Ecommerce.com.RegisterPageTest" name="registerlink" time="3.593"/>
  <testcase classname="Ecommerce.com.RegisterPageTest" name="registerpage" time="13.321"/>
</testsuite> <!-- Ecommerce.com.RegisterPageTest -->
